{
  "D:/RSS/react-rss/src/components/Footer.tsx": {
    "path": "D:/RSS/react-rss/src/components/Footer.tsx",
    "statementMap": {
      "0": {
        "start": {
          "line": 5,
          "column": 0
        },
        "end": {
          "line": 15,
          "column": 1
        }
      },
      "1": {
        "start": {
          "line": 6,
          "column": 2
        },
        "end": {
          "line": 8,
          "column": 3
        }
      },
      "2": {
        "start": {
          "line": 7,
          "column": 4
        },
        "end": {
          "line": 7,
          "column": 165
        }
      },
      "3": {
        "start": {
          "line": 9,
          "column": 2
        },
        "end": {
          "line": 9,
          "column": 39
        }
      },
      "4": {
        "start": {
          "line": 10,
          "column": 2
        },
        "end": {
          "line": 10,
          "column": 39
        }
      },
      "5": {
        "start": {
          "line": 11,
          "column": 2
        },
        "end": {
          "line": 13,
          "column": 4
        }
      },
      "6": {
        "start": {
          "line": 12,
          "column": 4
        },
        "end": {
          "line": 12,
          "column": 86
        }
      },
      "7": {
        "start": {
          "line": 14,
          "column": 2
        },
        "end": {
          "line": 14,
          "column": 75
        }
      },
      "8": {
        "start": {
          "line": 17,
          "column": 2
        },
        "end": {
          "line": 32,
          "column": 11
        }
      },
      "9": {
        "start": {
          "line": 34,
          "column": 0
        },
        "end": {
          "line": 34,
          "column": 12
        }
      },
      "10": {
        "start": {
          "line": 36,
          "column": 0
        },
        "end": {
          "line": 36,
          "column": 27
        }
      },
      "11": {
        "start": {
          "line": 37,
          "column": 0
        },
        "end": {
          "line": 53,
          "column": 1
        }
      },
      "12": {
        "start": {
          "line": 38,
          "column": 2
        },
        "end": {
          "line": 38,
          "column": 39
        }
      },
      "13": {
        "start": {
          "line": 39,
          "column": 2
        },
        "end": {
          "line": 39,
          "column": 39
        }
      },
      "14": {
        "start": {
          "line": 40,
          "column": 2
        },
        "end": {
          "line": 52,
          "column": 5
        }
      },
      "15": {
        "start": {
          "line": 44,
          "column": 4
        },
        "end": {
          "line": 44,
          "column": 112
        }
      },
      "16": {
        "start": {
          "line": 45,
          "column": 4
        },
        "end": {
          "line": 51,
          "column": 7
        }
      },
      "17": {
        "start": {
          "line": 46,
          "column": 6
        },
        "end": {
          "line": 47,
          "column": 15
        }
      },
      "18": {
        "start": {
          "line": 47,
          "column": 8
        },
        "end": {
          "line": 47,
          "column": 15
        }
      },
      "19": {
        "start": {
          "line": 48,
          "column": 32
        },
        "end": {
          "line": 48,
          "column": 115
        }
      },
      "20": {
        "start": {
          "line": 49,
          "column": 6
        },
        "end": {
          "line": 50,
          "column": 54
        }
      },
      "21": {
        "start": {
          "line": 50,
          "column": 8
        },
        "end": {
          "line": 50,
          "column": 54
        }
      }
    },
    "fnMap": {
      "0": {
        "name": "(anonymous_0)",
        "decl": {
          "start": {
            "line": 11,
            "column": 24
          },
          "end": {
            "line": 11,
            "column": 25
          }
        },
        "loc": {
          "start": {
            "line": 11,
            "column": 38
          },
          "end": {
            "line": 13,
            "column": 3
          }
        },
        "line": 11
      },
      "1": {
        "name": "Footer",
        "decl": {
          "start": {
            "line": 16,
            "column": 24
          },
          "end": {
            "line": 16,
            "column": 30
          }
        },
        "loc": {
          "start": {
            "line": 16,
            "column": 33
          },
          "end": {
            "line": 33,
            "column": 1
          }
        },
        "line": 16
      },
      "2": {
        "name": "(anonymous_2)",
        "decl": {
          "start": {
            "line": 43,
            "column": 9
          },
          "end": {
            "line": 43,
            "column": 10
          }
        },
        "loc": {
          "start": {
            "line": 43,
            "column": 29
          },
          "end": {
            "line": 52,
            "column": 3
          }
        },
        "line": 43
      },
      "3": {
        "name": "(anonymous_3)",
        "decl": {
          "start": {
            "line": 45,
            "column": 27
          },
          "end": {
            "line": 45,
            "column": 28
          }
        },
        "loc": {
          "start": {
            "line": 45,
            "column": 44
          },
          "end": {
            "line": 51,
            "column": 5
          }
        },
        "line": 45
      }
    },
    "branchMap": {
      "0": {
        "loc": {
          "start": {
            "line": 5,
            "column": 0
          },
          "end": {
            "line": 15,
            "column": 1
          }
        },
        "type": "if",
        "locations": [
          {
            "start": {
              "line": 5,
              "column": 0
            },
            "end": {
              "line": 15,
              "column": 1
            }
          },
          {
            "start": {},
            "end": {}
          }
        ],
        "line": 5
      },
      "1": {
        "loc": {
          "start": {
            "line": 6,
            "column": 2
          },
          "end": {
            "line": 8,
            "column": 3
          }
        },
        "type": "if",
        "locations": [
          {
            "start": {
              "line": 6,
              "column": 2
            },
            "end": {
              "line": 8,
              "column": 3
            }
          },
          {
            "start": {},
            "end": {}
          }
        ],
        "line": 6
      },
      "2": {
        "loc": {
          "start": {
            "line": 37,
            "column": 0
          },
          "end": {
            "line": 53,
            "column": 1
          }
        },
        "type": "if",
        "locations": [
          {
            "start": {
              "line": 37,
              "column": 0
            },
            "end": {
              "line": 53,
              "column": 1
            }
          },
          {
            "start": {},
            "end": {}
          }
        ],
        "line": 37
      },
      "3": {
        "loc": {
          "start": {
            "line": 46,
            "column": 6
          },
          "end": {
            "line": 47,
            "column": 15
          }
        },
        "type": "if",
        "locations": [
          {
            "start": {
              "line": 46,
              "column": 6
            },
            "end": {
              "line": 47,
              "column": 15
            }
          },
          {
            "start": {},
            "end": {}
          }
        ],
        "line": 46
      },
      "4": {
        "loc": {
          "start": {
            "line": 49,
            "column": 6
          },
          "end": {
            "line": 50,
            "column": 54
          }
        },
        "type": "if",
        "locations": [
          {
            "start": {
              "line": 49,
              "column": 6
            },
            "end": {
              "line": 50,
              "column": 54
            }
          },
          {
            "start": {},
            "end": {}
          }
        ],
        "line": 49
      }
    },
    "s": {
      "0": 12,
      "1": 12,
      "2": 0,
      "3": 12,
      "4": 12,
      "5": 12,
      "6": 12,
      "7": 12,
      "8": 24,
      "9": 12,
      "10": 12,
      "11": 12,
      "12": 12,
      "13": 12,
      "14": 12,
      "15": 10,
      "16": 10,
      "17": 0,
      "18": 0,
      "19": 0,
      "20": 0,
      "21": 0
    },
    "f": {
      "0": 12,
      "1": 24,
      "2": 10,
      "3": 0
    },
    "b": {
      "0": [
        12,
        0
      ],
      "1": [
        0,
        12
      ],
      "2": [
        12,
        0
      ],
      "3": [
        0,
        0
      ],
      "4": [
        0,
        0
      ]
    },
    "inputSourceMap": {
      "version": 3,
      "mappings": "AAGM;AAHN,2BAAwBA;AAAS;AAAA;AAAA;AAAA;AAAA;AAAA;AAAA;AAAA;AAAA;AAAA;AAAA;AAAA;AAAA;AAAA;AAC/B,SACE,uBAAC,YACC;AAAA,2BAAC,UAAD;AAAA;AAAA;AAAA;AAAA,WAAG;AAAA,IACH,uBAAC,QAAG,oBAAJ;AAAA;AAAA;AAAA;AAAA,WAAQ;AAAA,OAFV;AAAA;AAAA;AAAA;AAAA,SAGA;AAEJ;AAACC,KAPuBD;AAAM;AAAAE",
      "names": [
        "Footer",
        "_c",
        "$RefreshReg$"
      ],
      "sources": [
        "D:/RSS/react-rss/src/components/Footer.tsx"
      ],
      "file": "D:/RSS/react-rss/src/components/Footer.tsx"
    },
    "_coverageSchema": "1a1c01bbd47fc00a2c39e90264f33305004495a9",
    "hash": "d3594cb38721fa64410761d6d76d225351e67535"
  },
  "D:/RSS/react-rss/src/components/Header.tsx": {
    "path": "D:/RSS/react-rss/src/components/Header.tsx",
    "statementMap": {
      "0": {
        "start": {
          "line": 5,
          "column": 0
        },
        "end": {
          "line": 15,
          "column": 1
        }
      },
      "1": {
        "start": {
          "line": 6,
          "column": 2
        },
        "end": {
          "line": 8,
          "column": 3
        }
      },
      "2": {
        "start": {
          "line": 7,
          "column": 4
        },
        "end": {
          "line": 7,
          "column": 165
        }
      },
      "3": {
        "start": {
          "line": 9,
          "column": 2
        },
        "end": {
          "line": 9,
          "column": 39
        }
      },
      "4": {
        "start": {
          "line": 10,
          "column": 2
        },
        "end": {
          "line": 10,
          "column": 39
        }
      },
      "5": {
        "start": {
          "line": 11,
          "column": 2
        },
        "end": {
          "line": 13,
          "column": 4
        }
      },
      "6": {
        "start": {
          "line": 12,
          "column": 4
        },
        "end": {
          "line": 12,
          "column": 86
        }
      },
      "7": {
        "start": {
          "line": 14,
          "column": 2
        },
        "end": {
          "line": 14,
          "column": 75
        }
      },
      "8": {
        "start": {
          "line": 19,
          "column": 2
        },
        "end": {
          "line": 66,
          "column": 11
        }
      },
      "9": {
        "start": {
          "line": 68,
          "column": 0
        },
        "end": {
          "line": 68,
          "column": 12
        }
      },
      "10": {
        "start": {
          "line": 70,
          "column": 0
        },
        "end": {
          "line": 70,
          "column": 27
        }
      },
      "11": {
        "start": {
          "line": 71,
          "column": 0
        },
        "end": {
          "line": 87,
          "column": 1
        }
      },
      "12": {
        "start": {
          "line": 72,
          "column": 2
        },
        "end": {
          "line": 72,
          "column": 39
        }
      },
      "13": {
        "start": {
          "line": 73,
          "column": 2
        },
        "end": {
          "line": 73,
          "column": 39
        }
      },
      "14": {
        "start": {
          "line": 74,
          "column": 2
        },
        "end": {
          "line": 86,
          "column": 5
        }
      },
      "15": {
        "start": {
          "line": 78,
          "column": 4
        },
        "end": {
          "line": 78,
          "column": 112
        }
      },
      "16": {
        "start": {
          "line": 79,
          "column": 4
        },
        "end": {
          "line": 85,
          "column": 7
        }
      },
      "17": {
        "start": {
          "line": 80,
          "column": 6
        },
        "end": {
          "line": 81,
          "column": 15
        }
      },
      "18": {
        "start": {
          "line": 81,
          "column": 8
        },
        "end": {
          "line": 81,
          "column": 15
        }
      },
      "19": {
        "start": {
          "line": 82,
          "column": 32
        },
        "end": {
          "line": 82,
          "column": 115
        }
      },
      "20": {
        "start": {
          "line": 83,
          "column": 6
        },
        "end": {
          "line": 84,
          "column": 54
        }
      },
      "21": {
        "start": {
          "line": 84,
          "column": 8
        },
        "end": {
          "line": 84,
          "column": 54
        }
      }
    },
    "fnMap": {
      "0": {
        "name": "(anonymous_0)",
        "decl": {
          "start": {
            "line": 11,
            "column": 24
          },
          "end": {
            "line": 11,
            "column": 25
          }
        },
        "loc": {
          "start": {
            "line": 11,
            "column": 38
          },
          "end": {
            "line": 13,
            "column": 3
          }
        },
        "line": 11
      },
      "1": {
        "name": "Header",
        "decl": {
          "start": {
            "line": 18,
            "column": 24
          },
          "end": {
            "line": 18,
            "column": 30
          }
        },
        "loc": {
          "start": {
            "line": 18,
            "column": 33
          },
          "end": {
            "line": 67,
            "column": 1
          }
        },
        "line": 18
      },
      "2": {
        "name": "(anonymous_2)",
        "decl": {
          "start": {
            "line": 77,
            "column": 9
          },
          "end": {
            "line": 77,
            "column": 10
          }
        },
        "loc": {
          "start": {
            "line": 77,
            "column": 29
          },
          "end": {
            "line": 86,
            "column": 3
          }
        },
        "line": 77
      },
      "3": {
        "name": "(anonymous_3)",
        "decl": {
          "start": {
            "line": 79,
            "column": 27
          },
          "end": {
            "line": 79,
            "column": 28
          }
        },
        "loc": {
          "start": {
            "line": 79,
            "column": 44
          },
          "end": {
            "line": 85,
            "column": 5
          }
        },
        "line": 79
      }
    },
    "branchMap": {
      "0": {
        "loc": {
          "start": {
            "line": 5,
            "column": 0
          },
          "end": {
            "line": 15,
            "column": 1
          }
        },
        "type": "if",
        "locations": [
          {
            "start": {
              "line": 5,
              "column": 0
            },
            "end": {
              "line": 15,
              "column": 1
            }
          },
          {
            "start": {},
            "end": {}
          }
        ],
        "line": 5
      },
      "1": {
        "loc": {
          "start": {
            "line": 6,
            "column": 2
          },
          "end": {
            "line": 8,
            "column": 3
          }
        },
        "type": "if",
        "locations": [
          {
            "start": {
              "line": 6,
              "column": 2
            },
            "end": {
              "line": 8,
              "column": 3
            }
          },
          {
            "start": {},
            "end": {}
          }
        ],
        "line": 6
      },
      "2": {
        "loc": {
          "start": {
            "line": 71,
            "column": 0
          },
          "end": {
            "line": 87,
            "column": 1
          }
        },
        "type": "if",
        "locations": [
          {
            "start": {
              "line": 71,
              "column": 0
            },
            "end": {
              "line": 87,
              "column": 1
            }
          },
          {
            "start": {},
            "end": {}
          }
        ],
        "line": 71
      },
      "3": {
        "loc": {
          "start": {
            "line": 80,
            "column": 6
          },
          "end": {
            "line": 81,
            "column": 15
          }
        },
        "type": "if",
        "locations": [
          {
            "start": {
              "line": 80,
              "column": 6
            },
            "end": {
              "line": 81,
              "column": 15
            }
          },
          {
            "start": {},
            "end": {}
          }
        ],
        "line": 80
      },
      "4": {
        "loc": {
          "start": {
            "line": 83,
            "column": 6
          },
          "end": {
            "line": 84,
            "column": 54
          }
        },
        "type": "if",
        "locations": [
          {
            "start": {
              "line": 83,
              "column": 6
            },
            "end": {
              "line": 84,
              "column": 54
            }
          },
          {
            "start": {},
            "end": {}
          }
        ],
        "line": 83
      }
    },
    "s": {
      "0": 12,
      "1": 12,
      "2": 0,
      "3": 12,
      "4": 12,
      "5": 12,
      "6": 12,
      "7": 12,
      "8": 24,
      "9": 12,
      "10": 12,
      "11": 12,
      "12": 12,
      "13": 12,
      "14": 12,
      "15": 10,
      "16": 10,
      "17": 0,
      "18": 0,
      "19": 0,
      "20": 0,
      "21": 0
    },
    "f": {
      "0": 12,
      "1": 24,
      "2": 10,
      "3": 0
    },
    "b": {
      "0": [
        12,
        0
      ],
      "1": [
        0,
        12
      ],
      "2": [
        12,
        0
      ],
      "3": [
        0,
        0
      ],
      "4": [
        0,
        0
      ]
    },
    "inputSourceMap": {
      "version": 3,
      "mappings": "AASY;AATZ,2BAAwB;AAAkB;AAAA;AAAA;AAAA;AAAA;AAAA;AAAA;AAAA;AAAA;AAAA;AAAA;AAAA;AAAA;AAAA;AAC1C,OAAO;AAEP,wBAAwBA,SAAS;AAC/B,SACE,uBAAC,YACC,iCAAC,SACC;AAAA,2BAAC,QAAG,WAAU,UACZ;AAAA,6BAAC,QACC,iCAAC,WAAQ,IAAG,KAAI,oBAAhB;AAAA;AAAA;AAAA;AAAA,aAAoB,KADtB;AAAA;AAAA;AAAA;AAAA,aAEA;AAAA,MACA,uBAAC,QACC,iCAAC,WAAQ,IAAG,UAAS,qBAArB;AAAA;AAAA;AAAA;AAAA,aAA0B,KAD5B;AAAA;AAAA;AAAA;AAAA,aAEA;AAAA,MACA,uBAAC,QACC,iCAAC,WAAQ,IAAG,UAAS,qBAArB;AAAA;AAAA;AAAA;AAAA,aAA0B,KAD5B;AAAA;AAAA;AAAA;AAAA,aAEA;AAAA,SATF;AAAA;AAAA;AAAA;AAAA,WAUA;AAAA,IACA,uBAAC,UAAD;AAAA;AAAA;AAAA;AAAA,WAAG;AAAA,OAZL;AAAA;AAAA;AAAA;AAAA,SAaA,KAdF;AAAA;AAAA;AAAA;AAAA,SAeA;AAEJ;AAACC,KAnBuBD;AAAM;AAAAE",
      "names": [
        "Header",
        "_c",
        "$RefreshReg$"
      ],
      "sources": [
        "D:/RSS/react-rss/src/components/Header.tsx"
      ],
      "file": "D:/RSS/react-rss/src/components/Header.tsx"
    },
    "_coverageSchema": "1a1c01bbd47fc00a2c39e90264f33305004495a9",
    "hash": "e807b22bf16ac5004524193f3fa1c9975aae6f9a"
  },
  "D:/RSS/react-rss/src/components/Layout.tsx": {
    "path": "D:/RSS/react-rss/src/components/Layout.tsx",
    "statementMap": {
      "0": {
        "start": {
          "line": 5,
          "column": 0
        },
        "end": {
          "line": 15,
          "column": 1
        }
      },
      "1": {
        "start": {
          "line": 6,
          "column": 2
        },
        "end": {
          "line": 8,
          "column": 3
        }
      },
      "2": {
        "start": {
          "line": 7,
          "column": 4
        },
        "end": {
          "line": 7,
          "column": 165
        }
      },
      "3": {
        "start": {
          "line": 9,
          "column": 2
        },
        "end": {
          "line": 9,
          "column": 39
        }
      },
      "4": {
        "start": {
          "line": 10,
          "column": 2
        },
        "end": {
          "line": 10,
          "column": 39
        }
      },
      "5": {
        "start": {
          "line": 11,
          "column": 2
        },
        "end": {
          "line": 13,
          "column": 4
        }
      },
      "6": {
        "start": {
          "line": 12,
          "column": 4
        },
        "end": {
          "line": 12,
          "column": 86
        }
      },
      "7": {
        "start": {
          "line": 14,
          "column": 2
        },
        "end": {
          "line": 14,
          "column": 75
        }
      },
      "8": {
        "start": {
          "line": 20,
          "column": 2
        },
        "end": {
          "line": 40,
          "column": 11
        }
      },
      "9": {
        "start": {
          "line": 42,
          "column": 0
        },
        "end": {
          "line": 42,
          "column": 12
        }
      },
      "10": {
        "start": {
          "line": 44,
          "column": 0
        },
        "end": {
          "line": 44,
          "column": 27
        }
      },
      "11": {
        "start": {
          "line": 45,
          "column": 0
        },
        "end": {
          "line": 61,
          "column": 1
        }
      },
      "12": {
        "start": {
          "line": 46,
          "column": 2
        },
        "end": {
          "line": 46,
          "column": 39
        }
      },
      "13": {
        "start": {
          "line": 47,
          "column": 2
        },
        "end": {
          "line": 47,
          "column": 39
        }
      },
      "14": {
        "start": {
          "line": 48,
          "column": 2
        },
        "end": {
          "line": 60,
          "column": 5
        }
      },
      "15": {
        "start": {
          "line": 52,
          "column": 4
        },
        "end": {
          "line": 52,
          "column": 112
        }
      },
      "16": {
        "start": {
          "line": 53,
          "column": 4
        },
        "end": {
          "line": 59,
          "column": 7
        }
      },
      "17": {
        "start": {
          "line": 54,
          "column": 6
        },
        "end": {
          "line": 55,
          "column": 15
        }
      },
      "18": {
        "start": {
          "line": 55,
          "column": 8
        },
        "end": {
          "line": 55,
          "column": 15
        }
      },
      "19": {
        "start": {
          "line": 56,
          "column": 32
        },
        "end": {
          "line": 56,
          "column": 115
        }
      },
      "20": {
        "start": {
          "line": 57,
          "column": 6
        },
        "end": {
          "line": 58,
          "column": 54
        }
      },
      "21": {
        "start": {
          "line": 58,
          "column": 8
        },
        "end": {
          "line": 58,
          "column": 54
        }
      }
    },
    "fnMap": {
      "0": {
        "name": "(anonymous_0)",
        "decl": {
          "start": {
            "line": 11,
            "column": 24
          },
          "end": {
            "line": 11,
            "column": 25
          }
        },
        "loc": {
          "start": {
            "line": 11,
            "column": 38
          },
          "end": {
            "line": 13,
            "column": 3
          }
        },
        "line": 11
      },
      "1": {
        "name": "Layout",
        "decl": {
          "start": {
            "line": 19,
            "column": 24
          },
          "end": {
            "line": 19,
            "column": 30
          }
        },
        "loc": {
          "start": {
            "line": 19,
            "column": 33
          },
          "end": {
            "line": 41,
            "column": 1
          }
        },
        "line": 19
      },
      "2": {
        "name": "(anonymous_2)",
        "decl": {
          "start": {
            "line": 51,
            "column": 9
          },
          "end": {
            "line": 51,
            "column": 10
          }
        },
        "loc": {
          "start": {
            "line": 51,
            "column": 29
          },
          "end": {
            "line": 60,
            "column": 3
          }
        },
        "line": 51
      },
      "3": {
        "name": "(anonymous_3)",
        "decl": {
          "start": {
            "line": 53,
            "column": 27
          },
          "end": {
            "line": 53,
            "column": 28
          }
        },
        "loc": {
          "start": {
            "line": 53,
            "column": 44
          },
          "end": {
            "line": 59,
            "column": 5
          }
        },
        "line": 53
      }
    },
    "branchMap": {
      "0": {
        "loc": {
          "start": {
            "line": 5,
            "column": 0
          },
          "end": {
            "line": 15,
            "column": 1
          }
        },
        "type": "if",
        "locations": [
          {
            "start": {
              "line": 5,
              "column": 0
            },
            "end": {
              "line": 15,
              "column": 1
            }
          },
          {
            "start": {},
            "end": {}
          }
        ],
        "line": 5
      },
      "1": {
        "loc": {
          "start": {
            "line": 6,
            "column": 2
          },
          "end": {
            "line": 8,
            "column": 3
          }
        },
        "type": "if",
        "locations": [
          {
            "start": {
              "line": 6,
              "column": 2
            },
            "end": {
              "line": 8,
              "column": 3
            }
          },
          {
            "start": {},
            "end": {}
          }
        ],
        "line": 6
      },
      "2": {
        "loc": {
          "start": {
            "line": 45,
            "column": 0
          },
          "end": {
            "line": 61,
            "column": 1
          }
        },
        "type": "if",
        "locations": [
          {
            "start": {
              "line": 45,
              "column": 0
            },
            "end": {
              "line": 61,
              "column": 1
            }
          },
          {
            "start": {},
            "end": {}
          }
        ],
        "line": 45
      },
      "3": {
        "loc": {
          "start": {
            "line": 54,
            "column": 6
          },
          "end": {
            "line": 55,
            "column": 15
          }
        },
        "type": "if",
        "locations": [
          {
            "start": {
              "line": 54,
              "column": 6
            },
            "end": {
              "line": 55,
              "column": 15
            }
          },
          {
            "start": {},
            "end": {}
          }
        ],
        "line": 54
      },
      "4": {
        "loc": {
          "start": {
            "line": 57,
            "column": 6
          },
          "end": {
            "line": 58,
            "column": 54
          }
        },
        "type": "if",
        "locations": [
          {
            "start": {
              "line": 57,
              "column": 6
            },
            "end": {
              "line": 58,
              "column": 54
            }
          },
          {
            "start": {},
            "end": {}
          }
        ],
        "line": 57
      }
    },
    "s": {
      "0": 12,
      "1": 12,
      "2": 0,
      "3": 12,
      "4": 12,
      "5": 12,
      "6": 12,
      "7": 12,
      "8": 24,
      "9": 12,
      "10": 12,
      "11": 12,
      "12": 12,
      "13": 12,
      "14": 12,
      "15": 10,
      "16": 10,
      "17": 0,
      "18": 0,
      "19": 0,
      "20": 0,
      "21": 0
    },
    "f": {
      "0": 12,
      "1": 24,
      "2": 10,
      "3": 0
    },
    "b": {
      "0": [
        12,
        0
      ],
      "1": [
        0,
        12
      ],
      "2": [
        12,
        0
      ],
      "3": [
        0,
        0
      ],
      "4": [
        0,
        0
      ]
    },
    "inputSourceMap": {
      "version": 3,
      "mappings": "AAMI,mBACE,cADF;AANJ,2BAAuB;AAAkB;AAAA;AAAA;AAAA;AAAA;AAAA;AAAA;AAAA;AAAA;AAAA;AAAA;AAAA;AAAA;AAAA;AACzC,OAAOA,YAAY;AACnB,OAAOC,YAAY;AAEnB,wBAAwBC,SAAS;AAC/B,SACE,mCACE;AAAA,2BAAC,YAAD;AAAA;AAAA;AAAA;AAAA,WAAO;AAAA,IACP,uBAAC,YAAD;AAAA;AAAA;AAAA;AAAA,WAAO;AAAA,IACP,uBAAC,YAAD;AAAA;AAAA;AAAA;AAAA,WAAO;AAAA,OAHT;AAAA;AAAA;AAAA;AAAA,SAIA;AAEJ;AAACC,KARuBD;AAAM;AAAAE",
      "names": [
        "Footer",
        "Header",
        "Layout",
        "_c",
        "$RefreshReg$"
      ],
      "sources": [
        "D:/RSS/react-rss/src/components/Layout.tsx"
      ],
      "file": "D:/RSS/react-rss/src/components/Layout.tsx"
    },
    "_coverageSchema": "1a1c01bbd47fc00a2c39e90264f33305004495a9",
    "hash": "4428ae9bd7d3346a6587297eb9852bb4da511fd9"
  },
  "D:/RSS/react-rss/src/pages/About.tsx": {
    "path": "D:/RSS/react-rss/src/pages/About.tsx",
    "statementMap": {
      "0": {
        "start": {
          "line": 5,
          "column": 0
        },
        "end": {
          "line": 15,
          "column": 1
        }
      },
      "1": {
        "start": {
          "line": 6,
          "column": 2
        },
        "end": {
          "line": 8,
          "column": 3
        }
      },
      "2": {
        "start": {
          "line": 7,
          "column": 4
        },
        "end": {
          "line": 7,
          "column": 165
        }
      },
      "3": {
        "start": {
          "line": 9,
          "column": 2
        },
        "end": {
          "line": 9,
          "column": 39
        }
      },
      "4": {
        "start": {
          "line": 10,
          "column": 2
        },
        "end": {
          "line": 10,
          "column": 39
        }
      },
      "5": {
        "start": {
          "line": 11,
          "column": 2
        },
        "end": {
          "line": 13,
          "column": 4
        }
      },
      "6": {
        "start": {
          "line": 12,
          "column": 4
        },
        "end": {
          "line": 12,
          "column": 80
        }
      },
      "7": {
        "start": {
          "line": 14,
          "column": 2
        },
        "end": {
          "line": 14,
          "column": 75
        }
      },
      "8": {
        "start": {
          "line": 17,
          "column": 2
        },
        "end": {
          "line": 25,
          "column": 11
        }
      },
      "9": {
        "start": {
          "line": 27,
          "column": 0
        },
        "end": {
          "line": 27,
          "column": 11
        }
      },
      "10": {
        "start": {
          "line": 29,
          "column": 0
        },
        "end": {
          "line": 29,
          "column": 26
        }
      },
      "11": {
        "start": {
          "line": 30,
          "column": 0
        },
        "end": {
          "line": 46,
          "column": 1
        }
      },
      "12": {
        "start": {
          "line": 31,
          "column": 2
        },
        "end": {
          "line": 31,
          "column": 39
        }
      },
      "13": {
        "start": {
          "line": 32,
          "column": 2
        },
        "end": {
          "line": 32,
          "column": 39
        }
      },
      "14": {
        "start": {
          "line": 33,
          "column": 2
        },
        "end": {
          "line": 45,
          "column": 5
        }
      },
      "15": {
        "start": {
          "line": 37,
          "column": 4
        },
        "end": {
          "line": 37,
          "column": 106
        }
      },
      "16": {
        "start": {
          "line": 38,
          "column": 4
        },
        "end": {
          "line": 44,
          "column": 7
        }
      },
      "17": {
        "start": {
          "line": 39,
          "column": 6
        },
        "end": {
          "line": 40,
          "column": 15
        }
      },
      "18": {
        "start": {
          "line": 40,
          "column": 8
        },
        "end": {
          "line": 40,
          "column": 15
        }
      },
      "19": {
        "start": {
          "line": 41,
          "column": 32
        },
        "end": {
          "line": 41,
          "column": 115
        }
      },
      "20": {
        "start": {
          "line": 42,
          "column": 6
        },
        "end": {
          "line": 43,
          "column": 54
        }
      },
      "21": {
        "start": {
          "line": 43,
          "column": 8
        },
        "end": {
          "line": 43,
          "column": 54
        }
      }
    },
    "fnMap": {
      "0": {
        "name": "(anonymous_0)",
        "decl": {
          "start": {
            "line": 11,
            "column": 24
          },
          "end": {
            "line": 11,
            "column": 25
          }
        },
        "loc": {
          "start": {
            "line": 11,
            "column": 38
          },
          "end": {
            "line": 13,
            "column": 3
          }
        },
        "line": 11
      },
      "1": {
        "name": "About",
        "decl": {
          "start": {
            "line": 16,
            "column": 24
          },
          "end": {
            "line": 16,
            "column": 29
          }
        },
        "loc": {
          "start": {
            "line": 16,
            "column": 32
          },
          "end": {
            "line": 26,
            "column": 1
          }
        },
        "line": 16
      },
      "2": {
        "name": "(anonymous_2)",
        "decl": {
          "start": {
            "line": 36,
            "column": 9
          },
          "end": {
            "line": 36,
            "column": 10
          }
        },
        "loc": {
          "start": {
            "line": 36,
            "column": 29
          },
          "end": {
            "line": 45,
            "column": 3
          }
        },
        "line": 36
      },
      "3": {
        "name": "(anonymous_3)",
        "decl": {
          "start": {
            "line": 38,
            "column": 27
          },
          "end": {
            "line": 38,
            "column": 28
          }
        },
        "loc": {
          "start": {
            "line": 38,
            "column": 44
          },
          "end": {
            "line": 44,
            "column": 5
          }
        },
        "line": 38
      }
    },
    "branchMap": {
      "0": {
        "loc": {
          "start": {
            "line": 5,
            "column": 0
          },
          "end": {
            "line": 15,
            "column": 1
          }
        },
        "type": "if",
        "locations": [
          {
            "start": {
              "line": 5,
              "column": 0
            },
            "end": {
              "line": 15,
              "column": 1
            }
          },
          {
            "start": {},
            "end": {}
          }
        ],
        "line": 5
      },
      "1": {
        "loc": {
          "start": {
            "line": 6,
            "column": 2
          },
          "end": {
            "line": 8,
            "column": 3
          }
        },
        "type": "if",
        "locations": [
          {
            "start": {
              "line": 6,
              "column": 2
            },
            "end": {
              "line": 8,
              "column": 3
            }
          },
          {
            "start": {},
            "end": {}
          }
        ],
        "line": 6
      },
      "2": {
        "loc": {
          "start": {
            "line": 30,
            "column": 0
          },
          "end": {
            "line": 46,
            "column": 1
          }
        },
        "type": "if",
        "locations": [
          {
            "start": {
              "line": 30,
              "column": 0
            },
            "end": {
              "line": 46,
              "column": 1
            }
          },
          {
            "start": {},
            "end": {}
          }
        ],
        "line": 30
      },
      "3": {
        "loc": {
          "start": {
            "line": 39,
            "column": 6
          },
          "end": {
            "line": 40,
            "column": 15
          }
        },
        "type": "if",
        "locations": [
          {
            "start": {
              "line": 39,
              "column": 6
            },
            "end": {
              "line": 40,
              "column": 15
            }
          },
          {
            "start": {},
            "end": {}
          }
        ],
        "line": 39
      },
      "4": {
        "loc": {
          "start": {
            "line": 42,
            "column": 6
          },
          "end": {
            "line": 43,
            "column": 54
          }
        },
        "type": "if",
        "locations": [
          {
            "start": {
              "line": 42,
              "column": 6
            },
            "end": {
              "line": 43,
              "column": 54
            }
          },
          {
            "start": {},
            "end": {}
          }
        ],
        "line": 42
      }
    },
    "s": {
      "0": 12,
      "1": 12,
      "2": 0,
      "3": 12,
      "4": 12,
      "5": 12,
      "6": 12,
      "7": 12,
      "8": 8,
      "9": 12,
      "10": 12,
      "11": 12,
      "12": 12,
      "13": 12,
      "14": 12,
      "15": 10,
      "16": 10,
      "17": 0,
      "18": 0,
      "19": 0,
      "20": 0,
      "21": 0
    },
    "f": {
      "0": 12,
      "1": 8,
      "2": 10,
      "3": 0
    },
    "b": {
      "0": [
        12,
        0
      ],
      "1": [
        0,
        12
      ],
      "2": [
        12,
        0
      ],
      "3": [
        0,
        0
      ],
      "4": [
        0,
        0
      ]
    },
    "inputSourceMap": {
      "version": 3,
      "mappings": "AAGM;AAHN,2BAAwBA;AAAQ;AAAA;AAAA;AAAA;AAAA;AAAA;AAAA;AAAA;AAAA;AAAA;AAAA;AAAA;AAAA;AAAA;AAC9B,SACE,uBAAC,UACC,iCAAC,QAAG,0BAAJ;AAAA;AAAA;AAAA;AAAA,SAAc,KADhB;AAAA;AAAA;AAAA;AAAA,SAEA;AAEJ;AAACC,KANuBD;AAAK;AAAAE",
      "names": [
        "About",
        "_c",
        "$RefreshReg$"
      ],
      "sources": [
        "D:/RSS/react-rss/src/pages/About.tsx"
      ],
      "file": "D:/RSS/react-rss/src/pages/About.tsx"
    },
    "_coverageSchema": "1a1c01bbd47fc00a2c39e90264f33305004495a9",
    "hash": "f4141d0b3a776540d2c65b2b8a4fc634c6b490c3"
  },
  "D:/RSS/react-rss/src/components/Home/SearchBar.tsx": {
    "path": "D:/RSS/react-rss/src/components/Home/SearchBar.tsx",
    "statementMap": {
      "0": {
        "start": {
          "line": 5,
          "column": 0
        },
        "end": {
          "line": 15,
          "column": 1
        }
      },
      "1": {
        "start": {
          "line": 6,
          "column": 2
        },
        "end": {
          "line": 8,
          "column": 3
        }
      },
      "2": {
        "start": {
          "line": 7,
          "column": 4
        },
        "end": {
          "line": 7,
          "column": 165
        }
      },
      "3": {
        "start": {
          "line": 9,
          "column": 2
        },
        "end": {
          "line": 9,
          "column": 39
        }
      },
      "4": {
        "start": {
          "line": 10,
          "column": 2
        },
        "end": {
          "line": 10,
          "column": 39
        }
      },
      "5": {
        "start": {
          "line": 11,
          "column": 2
        },
        "end": {
          "line": 13,
          "column": 4
        }
      },
      "6": {
        "start": {
          "line": 12,
          "column": 4
        },
        "end": {
          "line": 12,
          "column": 94
        }
      },
      "7": {
        "start": {
          "line": 14,
          "column": 2
        },
        "end": {
          "line": 14,
          "column": 75
        }
      },
      "8": {
        "start": {
          "line": 16,
          "column": 9
        },
        "end": {
          "line": 16,
          "column": 23
        }
      },
      "9": {
        "start": {
          "line": 21,
          "column": 2
        },
        "end": {
          "line": 21,
          "column": 7
        }
      },
      "10": {
        "start": {
          "line": 22,
          "column": 27
        },
        "end": {
          "line": 22,
          "column": 81
        }
      },
      "11": {
        "start": {
          "line": 22,
          "column": 53
        },
        "end": {
          "line": 22,
          "column": 80
        }
      },
      "12": {
        "start": {
          "line": 23,
          "column": 19
        },
        "end": {
          "line": 23,
          "column": 35
        }
      },
      "13": {
        "start": {
          "line": 25,
          "column": 4
        },
        "end": {
          "line": 25,
          "column": 27
        }
      },
      "14": {
        "start": {
          "line": 26,
          "column": 4
        },
        "end": {
          "line": 26,
          "column": 43
        }
      },
      "15": {
        "start": {
          "line": 28,
          "column": 2
        },
        "end": {
          "line": 43,
          "column": 11
        }
      },
      "16": {
        "start": {
          "line": 29,
          "column": 154
        },
        "end": {
          "line": 29,
          "column": 195
        }
      },
      "17": {
        "start": {
          "line": 45,
          "column": 0
        },
        "end": {
          "line": 47,
          "column": 3
        }
      },
      "18": {
        "start": {
          "line": 46,
          "column": 2
        },
        "end": {
          "line": 46,
          "column": 42
        }
      },
      "19": {
        "start": {
          "line": 48,
          "column": 0
        },
        "end": {
          "line": 48,
          "column": 15
        }
      },
      "20": {
        "start": {
          "line": 50,
          "column": 0
        },
        "end": {
          "line": 50,
          "column": 30
        }
      },
      "21": {
        "start": {
          "line": 51,
          "column": 0
        },
        "end": {
          "line": 67,
          "column": 1
        }
      },
      "22": {
        "start": {
          "line": 52,
          "column": 2
        },
        "end": {
          "line": 52,
          "column": 39
        }
      },
      "23": {
        "start": {
          "line": 53,
          "column": 2
        },
        "end": {
          "line": 53,
          "column": 39
        }
      },
      "24": {
        "start": {
          "line": 54,
          "column": 2
        },
        "end": {
          "line": 66,
          "column": 5
        }
      },
      "25": {
        "start": {
          "line": 58,
          "column": 4
        },
        "end": {
          "line": 58,
          "column": 120
        }
      },
      "26": {
        "start": {
          "line": 59,
          "column": 4
        },
        "end": {
          "line": 65,
          "column": 7
        }
      },
      "27": {
        "start": {
          "line": 60,
          "column": 6
        },
        "end": {
          "line": 61,
          "column": 15
        }
      },
      "28": {
        "start": {
          "line": 61,
          "column": 8
        },
        "end": {
          "line": 61,
          "column": 15
        }
      },
      "29": {
        "start": {
          "line": 62,
          "column": 32
        },
        "end": {
          "line": 62,
          "column": 115
        }
      },
      "30": {
        "start": {
          "line": 63,
          "column": 6
        },
        "end": {
          "line": 64,
          "column": 54
        }
      },
      "31": {
        "start": {
          "line": 64,
          "column": 8
        },
        "end": {
          "line": 64,
          "column": 54
        }
      }
    },
    "fnMap": {
      "0": {
        "name": "(anonymous_0)",
        "decl": {
          "start": {
            "line": 11,
            "column": 24
          },
          "end": {
            "line": 11,
            "column": 25
          }
        },
        "loc": {
          "start": {
            "line": 11,
            "column": 38
          },
          "end": {
            "line": 13,
            "column": 3
          }
        },
        "line": 11
      },
      "1": {
        "name": "SearchBar",
        "decl": {
          "start": {
            "line": 20,
            "column": 24
          },
          "end": {
            "line": 20,
            "column": 33
          }
        },
        "loc": {
          "start": {
            "line": 20,
            "column": 36
          },
          "end": {
            "line": 44,
            "column": 1
          }
        },
        "line": 20
      },
      "2": {
        "name": "(anonymous_2)",
        "decl": {
          "start": {
            "line": 22,
            "column": 42
          },
          "end": {
            "line": 22,
            "column": 43
          }
        },
        "loc": {
          "start": {
            "line": 22,
            "column": 53
          },
          "end": {
            "line": 22,
            "column": 80
          }
        },
        "line": 22
      },
      "3": {
        "name": "handleSubmit",
        "decl": {
          "start": {
            "line": 24,
            "column": 11
          },
          "end": {
            "line": 24,
            "column": 23
          }
        },
        "loc": {
          "start": {
            "line": 24,
            "column": 31
          },
          "end": {
            "line": 27,
            "column": 3
          }
        },
        "line": 24
      },
      "4": {
        "name": "(anonymous_4)",
        "decl": {
          "start": {
            "line": 29,
            "column": 143
          },
          "end": {
            "line": 29,
            "column": 144
          }
        },
        "loc": {
          "start": {
            "line": 29,
            "column": 154
          },
          "end": {
            "line": 29,
            "column": 195
          }
        },
        "line": 29
      },
      "5": {
        "name": "(anonymous_5)",
        "decl": {
          "start": {
            "line": 45,
            "column": 53
          },
          "end": {
            "line": 45,
            "column": 54
          }
        },
        "loc": {
          "start": {
            "line": 45,
            "column": 64
          },
          "end": {
            "line": 47,
            "column": 1
          }
        },
        "line": 45
      },
      "6": {
        "name": "(anonymous_6)",
        "decl": {
          "start": {
            "line": 57,
            "column": 9
          },
          "end": {
            "line": 57,
            "column": 10
          }
        },
        "loc": {
          "start": {
            "line": 57,
            "column": 29
          },
          "end": {
            "line": 66,
            "column": 3
          }
        },
        "line": 57
      },
      "7": {
        "name": "(anonymous_7)",
        "decl": {
          "start": {
            "line": 59,
            "column": 27
          },
          "end": {
            "line": 59,
            "column": 28
          }
        },
        "loc": {
          "start": {
            "line": 59,
            "column": 44
          },
          "end": {
            "line": 65,
            "column": 5
          }
        },
        "line": 59
      }
    },
    "branchMap": {
      "0": {
        "loc": {
          "start": {
            "line": 5,
            "column": 0
          },
          "end": {
            "line": 15,
            "column": 1
          }
        },
        "type": "if",
        "locations": [
          {
            "start": {
              "line": 5,
              "column": 0
            },
            "end": {
              "line": 15,
              "column": 1
            }
          },
          {
            "start": {},
            "end": {}
          }
        ],
        "line": 5
      },
      "1": {
        "loc": {
          "start": {
            "line": 6,
            "column": 2
          },
          "end": {
            "line": 8,
            "column": 3
          }
        },
        "type": "if",
        "locations": [
          {
            "start": {
              "line": 6,
              "column": 2
            },
            "end": {
              "line": 8,
              "column": 3
            }
          },
          {
            "start": {},
            "end": {}
          }
        ],
        "line": 6
      },
      "2": {
        "loc": {
          "start": {
            "line": 51,
            "column": 0
          },
          "end": {
            "line": 67,
            "column": 1
          }
        },
        "type": "if",
        "locations": [
          {
            "start": {
              "line": 51,
              "column": 0
            },
            "end": {
              "line": 67,
              "column": 1
            }
          },
          {
            "start": {},
            "end": {}
          }
        ],
        "line": 51
      },
      "3": {
        "loc": {
          "start": {
            "line": 60,
            "column": 6
          },
          "end": {
            "line": 61,
            "column": 15
          }
        },
        "type": "if",
        "locations": [
          {
            "start": {
              "line": 60,
              "column": 6
            },
            "end": {
              "line": 61,
              "column": 15
            }
          },
          {
            "start": {},
            "end": {}
          }
        ],
        "line": 60
      },
      "4": {
        "loc": {
          "start": {
            "line": 63,
            "column": 6
          },
          "end": {
            "line": 64,
            "column": 54
          }
        },
        "type": "if",
        "locations": [
          {
            "start": {
              "line": 63,
              "column": 6
            },
            "end": {
              "line": 64,
              "column": 54
            }
          },
          {
            "start": {},
            "end": {}
          }
        ],
        "line": 63
      }
    },
    "s": {
      "0": 12,
      "1": 12,
      "2": 0,
      "3": 12,
      "4": 12,
      "5": 12,
      "6": 12,
      "7": 12,
      "8": 12,
      "9": 64,
      "10": 64,
      "11": 112,
      "12": 64,
      "13": 2,
      "14": 2,
      "15": 64,
      "16": 6,
      "17": 12,
      "18": 10,
      "19": 12,
      "20": 12,
      "21": 12,
      "22": 12,
      "23": 12,
      "24": 12,
      "25": 10,
      "26": 10,
      "27": 0,
      "28": 0,
      "29": 0,
      "30": 0,
      "31": 0
    },
    "f": {
      "0": 12,
      "1": 64,
      "2": 112,
      "3": 2,
      "4": 6,
      "5": 10,
      "6": 10,
      "7": 0
    },
    "b": {
      "0": [
        12,
        0
      ],
      "1": [
        0,
        12
      ],
      "2": [
        12,
        0
      ],
      "3": [
        0,
        0
      ],
      "4": [
        0,
        0
      ]
    },
    "inputSourceMap": {
      "version": 3,
      "mappings": "AAeM;;;;;;;;;;;;;;;;AAfN,OAAO;AACP,SAASA,aAAaC,kBAAkB;AACxC,SAASC,gBAAgBC,sBAAsB;AAE/C,wBAAwBC,YAAY;AAAAC;AAClC,QAAMC,mBAAmBJ,eAAgBK,WAAUA,MAAMC,WAAWC,UAAU;AAC9E,QAAMC,WAAWP,eAAc;AAE/B,WAASQ,aAAaC,OAAyC;AAC7DA,UAAMC,eAAc;AACpBH,aAAST,WAAWK,gBAAgB,CAAC;AAAA,EACvC;AAEA,SACE,uBAAC,UAAK,MAAK,UAAS,UAAUK,cAC5B;AAAA,2BAAC,WACC,MAAK,UACL,WAAU,iBACV,OAAOL,kBACP,aAAY,aACZ,UAAWM,WAAUF,SAASV,YAAYY,MAAME,OAAOC,KAAK,CAAC,KAL/D;AAAA;AAAA;AAAA;AAAA,WAKiE;AAAA,IAEjE,uBAAC,YAAO,WAAU,kBAAiB,sBAAnC;AAAA;AAAA;AAAA;AAAA,WAAyC;AAAA,OAR3C;AAAA;AAAA;AAAA;AAAA,SASA;AAEJ;AAACV,GArBuBD,WAAS;AAAA,UACNF,gBACRC,cAAc;AAAA;AAAAa,KAFTZ;AAAS;AAAAa",
      "names": [
        "updateInput",
        "updateText",
        "useAppSelector",
        "useAppDispatch",
        "SearchBar",
        "_s",
        "searchInputValue",
        "state",
        "searchData",
        "inputValue",
        "dispatch",
        "handleSubmit",
        "event",
        "preventDefault",
        "target",
        "value",
        "_c",
        "$RefreshReg$"
      ],
      "sources": [
        "D:/RSS/react-rss/src/components/Home/SearchBar.tsx"
      ],
      "file": "D:/RSS/react-rss/src/components/Home/SearchBar.tsx"
    },
    "_coverageSchema": "1a1c01bbd47fc00a2c39e90264f33305004495a9",
    "hash": "f221671fc3bc27181af16d5f75ffa85b1338f148"
  },
  "D:/RSS/react-rss/src/components/Home/InfoWindow.tsx": {
    "path": "D:/RSS/react-rss/src/components/Home/InfoWindow.tsx",
    "statementMap": {
      "0": {
        "start": {
          "line": 5,
          "column": 0
        },
        "end": {
          "line": 15,
          "column": 1
        }
      },
      "1": {
        "start": {
          "line": 6,
          "column": 2
        },
        "end": {
          "line": 8,
          "column": 3
        }
      },
      "2": {
        "start": {
          "line": 7,
          "column": 4
        },
        "end": {
          "line": 7,
          "column": 165
        }
      },
      "3": {
        "start": {
          "line": 9,
          "column": 2
        },
        "end": {
          "line": 9,
          "column": 39
        }
      },
      "4": {
        "start": {
          "line": 10,
          "column": 2
        },
        "end": {
          "line": 10,
          "column": 39
        }
      },
      "5": {
        "start": {
          "line": 11,
          "column": 2
        },
        "end": {
          "line": 13,
          "column": 4
        }
      },
      "6": {
        "start": {
          "line": 12,
          "column": 4
        },
        "end": {
          "line": 12,
          "column": 95
        }
      },
      "7": {
        "start": {
          "line": 14,
          "column": 2
        },
        "end": {
          "line": 14,
          "column": 75
        }
      },
      "8": {
        "start": {
          "line": 21,
          "column": 2
        },
        "end": {
          "line": 101,
          "column": 11
        }
      },
      "9": {
        "start": {
          "line": 21,
          "column": 83
        },
        "end": {
          "line": 21,
          "column": 111
        }
      },
      "10": {
        "start": {
          "line": 21,
          "column": 201
        },
        "end": {
          "line": 21,
          "column": 224
        }
      },
      "11": {
        "start": {
          "line": 22,
          "column": 103
        },
        "end": {
          "line": 22,
          "column": 131
        }
      },
      "12": {
        "start": {
          "line": 103,
          "column": 0
        },
        "end": {
          "line": 103,
          "column": 16
        }
      },
      "13": {
        "start": {
          "line": 105,
          "column": 0
        },
        "end": {
          "line": 105,
          "column": 31
        }
      },
      "14": {
        "start": {
          "line": 106,
          "column": 0
        },
        "end": {
          "line": 122,
          "column": 1
        }
      },
      "15": {
        "start": {
          "line": 107,
          "column": 2
        },
        "end": {
          "line": 107,
          "column": 39
        }
      },
      "16": {
        "start": {
          "line": 108,
          "column": 2
        },
        "end": {
          "line": 108,
          "column": 39
        }
      },
      "17": {
        "start": {
          "line": 109,
          "column": 2
        },
        "end": {
          "line": 121,
          "column": 5
        }
      },
      "18": {
        "start": {
          "line": 113,
          "column": 4
        },
        "end": {
          "line": 113,
          "column": 121
        }
      },
      "19": {
        "start": {
          "line": 114,
          "column": 4
        },
        "end": {
          "line": 120,
          "column": 7
        }
      },
      "20": {
        "start": {
          "line": 115,
          "column": 6
        },
        "end": {
          "line": 116,
          "column": 15
        }
      },
      "21": {
        "start": {
          "line": 116,
          "column": 8
        },
        "end": {
          "line": 116,
          "column": 15
        }
      },
      "22": {
        "start": {
          "line": 117,
          "column": 32
        },
        "end": {
          "line": 117,
          "column": 115
        }
      },
      "23": {
        "start": {
          "line": 118,
          "column": 6
        },
        "end": {
          "line": 119,
          "column": 54
        }
      },
      "24": {
        "start": {
          "line": 119,
          "column": 8
        },
        "end": {
          "line": 119,
          "column": 54
        }
      }
    },
    "fnMap": {
      "0": {
        "name": "(anonymous_0)",
        "decl": {
          "start": {
            "line": 11,
            "column": 24
          },
          "end": {
            "line": 11,
            "column": 25
          }
        },
        "loc": {
          "start": {
            "line": 11,
            "column": 38
          },
          "end": {
            "line": 13,
            "column": 3
          }
        },
        "line": 11
      },
      "1": {
        "name": "InfoWindow",
        "decl": {
          "start": {
            "line": 17,
            "column": 24
          },
          "end": {
            "line": 17,
            "column": 34
          }
        },
        "loc": {
          "start": {
            "line": 20,
            "column": 3
          },
          "end": {
            "line": 102,
            "column": 1
          }
        },
        "line": 20
      },
      "2": {
        "name": "(anonymous_2)",
        "decl": {
          "start": {
            "line": 21,
            "column": 77
          },
          "end": {
            "line": 21,
            "column": 78
          }
        },
        "loc": {
          "start": {
            "line": 21,
            "column": 83
          },
          "end": {
            "line": 21,
            "column": 111
          }
        },
        "line": 21
      },
      "3": {
        "name": "(anonymous_3)",
        "decl": {
          "start": {
            "line": 21,
            "column": 190
          },
          "end": {
            "line": 21,
            "column": 191
          }
        },
        "loc": {
          "start": {
            "line": 21,
            "column": 201
          },
          "end": {
            "line": 21,
            "column": 224
          }
        },
        "line": 21
      },
      "4": {
        "name": "(anonymous_4)",
        "decl": {
          "start": {
            "line": 22,
            "column": 97
          },
          "end": {
            "line": 22,
            "column": 98
          }
        },
        "loc": {
          "start": {
            "line": 22,
            "column": 103
          },
          "end": {
            "line": 22,
            "column": 131
          }
        },
        "line": 22
      },
      "5": {
        "name": "(anonymous_5)",
        "decl": {
          "start": {
            "line": 112,
            "column": 9
          },
          "end": {
            "line": 112,
            "column": 10
          }
        },
        "loc": {
          "start": {
            "line": 112,
            "column": 29
          },
          "end": {
            "line": 121,
            "column": 3
          }
        },
        "line": 112
      },
      "6": {
        "name": "(anonymous_6)",
        "decl": {
          "start": {
            "line": 114,
            "column": 27
          },
          "end": {
            "line": 114,
            "column": 28
          }
        },
        "loc": {
          "start": {
            "line": 114,
            "column": 44
          },
          "end": {
            "line": 120,
            "column": 5
          }
        },
        "line": 114
      }
    },
    "branchMap": {
      "0": {
        "loc": {
          "start": {
            "line": 5,
            "column": 0
          },
          "end": {
            "line": 15,
            "column": 1
          }
        },
        "type": "if",
        "locations": [
          {
            "start": {
              "line": 5,
              "column": 0
            },
            "end": {
              "line": 15,
              "column": 1
            }
          },
          {
            "start": {},
            "end": {}
          }
        ],
        "line": 5
      },
      "1": {
        "loc": {
          "start": {
            "line": 6,
            "column": 2
          },
          "end": {
            "line": 8,
            "column": 3
          }
        },
        "type": "if",
        "locations": [
          {
            "start": {
              "line": 6,
              "column": 2
            },
            "end": {
              "line": 8,
              "column": 3
            }
          },
          {
            "start": {},
            "end": {}
          }
        ],
        "line": 6
      },
      "2": {
        "loc": {
          "start": {
            "line": 106,
            "column": 0
          },
          "end": {
            "line": 122,
            "column": 1
          }
        },
        "type": "if",
        "locations": [
          {
            "start": {
              "line": 106,
              "column": 0
            },
            "end": {
              "line": 122,
              "column": 1
            }
          },
          {
            "start": {},
            "end": {}
          }
        ],
        "line": 106
      },
      "3": {
        "loc": {
          "start": {
            "line": 115,
            "column": 6
          },
          "end": {
            "line": 116,
            "column": 15
          }
        },
        "type": "if",
        "locations": [
          {
            "start": {
              "line": 115,
              "column": 6
            },
            "end": {
              "line": 116,
              "column": 15
            }
          },
          {
            "start": {},
            "end": {}
          }
        ],
        "line": 115
      },
      "4": {
        "loc": {
          "start": {
            "line": 118,
            "column": 6
          },
          "end": {
            "line": 119,
            "column": 54
          }
        },
        "type": "if",
        "locations": [
          {
            "start": {
              "line": 118,
              "column": 6
            },
            "end": {
              "line": 119,
              "column": 54
            }
          },
          {
            "start": {},
            "end": {}
          }
        ],
        "line": 118
      }
    },
    "s": {
      "0": 12,
      "1": 12,
      "2": 0,
      "3": 12,
      "4": 12,
      "5": 12,
      "6": 12,
      "7": 12,
      "8": 4,
      "9": 0,
      "10": 0,
      "11": 0,
      "12": 12,
      "13": 12,
      "14": 12,
      "15": 12,
      "16": 12,
      "17": 12,
      "18": 10,
      "19": 10,
      "20": 0,
      "21": 0,
      "22": 0,
      "23": 0,
      "24": 0
    },
    "f": {
      "0": 12,
      "1": 4,
      "2": 0,
      "3": 0,
      "4": 0,
      "5": 10,
      "6": 0
    },
    "b": {
      "0": [
        12,
        0
      ],
      "1": [
        0,
        12
      ],
      "2": [
        12,
        0
      ],
      "3": [
        0,
        0
      ],
      "4": [
        0,
        0
      ]
    },
    "inputSourceMap": {
      "version": 3,
      "mappings": "AAYQ;AAZR,2BAAsB;AAAQ;AAAsB;AAAA;AAAA;AAAA;AAAA;AAAA;AAAA;AAAA;AAAA;AAAA;AAAA;AAAA;AACpD,OAAOA,YAAY;AAOnB,wBAAwBC,WAAW;AAAA,EAAEC;AAAAA,EAAcC;AAA8B,GAAG;AAClF,SACE,uBAAC,SAAI,WAAWH,OAAOI,SAAS,SAAS,MAAMD,sBAAsB,KAAK,GACxE,iCAAC,SAAI,WAAWH,OAAOK,QAAQ,SAAUC,WAAUA,MAAMC,gBAAe,GACtE;AAAA,2BAAC,YACC,WAAWP,OAAOQ,eAClB,MAAK,UACL,SAAS,MAAML,sBAAsB,KAAK,GAC3C,iBAJD;AAAA;AAAA;AAAA;AAAA,WAMA;AAAA,IACA,uBAAC,SAAI,WAAWH,OAAOS,KACrB;AAAA,6BAAC,SAAI,WAAWT,OAAOU,cACrB,iCAAC,SAAI,WAAWV,OAAOW,KAAK,KAAKT,aAAaU,OAAO,KAAKV,aAAaW,QAAvE;AAAA;AAAA;AAAA;AAAA,aAA4E,KAD9E;AAAA;AAAA;AAAA;AAAA,aAEA;AAAA,MACA,uBAAC,SACC;AAAA,+BAAC,QAAG,WAAWb,OAAOa,MAAM,MAAK,YAC9BX,uBAAaW,QADhB;AAAA;AAAA;AAAA;AAAA,eAEA;AAAA,QACA,uBAAC,OAAE;AAAA;AAAA,UAASX,aAAaY;AAAAA,aAAzB;AAAA;AAAA;AAAA;AAAA,eAAgC;AAAA,QAChC,uBAAC,OAAE;AAAA;AAAA,UAASZ,aAAaa;AAAAA,aAAzB;AAAA;AAAA;AAAA;AAAA,eAAgC;AAAA,QAChC,uBAAC,OAAE;AAAA;AAAA,UAAUb,aAAac;AAAAA,aAA1B;AAAA;AAAA;AAAA;AAAA,eAAkC;AAAA,QAClC,uBAAC,OAAE;AAAA;AAAA,UAASd,aAAae,OAAOJ;AAAAA,aAAhC;AAAA;AAAA;AAAA;AAAA,eAAqC;AAAA,QACrC,uBAAC,OAAE,WAAWb,OAAOkB,iBAAiB;AAAA;AAAA,UAAWhB,aAAaiB,SAASN;AAAAA,aAAvE;AAAA;AAAA;AAAA;AAAA,eAA4E;AAAA,WAR9E;AAAA;AAAA;AAAA;AAAA,aASA;AAAA,SAbF;AAAA;AAAA;AAAA;AAAA,WAcA;AAAA,OAtBF;AAAA;AAAA;AAAA;AAAA,SAuBA,KAxBF;AAAA;AAAA;AAAA;AAAA,SAyBA;AAEJ;AAACO,KA7BuBnB;AAAU;AAAAoB",
      "names": [
        "styles",
        "InfoWindow",
        "searchResult",
        "setIsInfoWindowActive",
        "overlay",
        "window",
        "event",
        "stopPropagation",
        "close__button",
        "top",
        "img__wrapper",
        "img",
        "image",
        "name",
        "status",
        "gender",
        "species",
        "origin",
        "additional_info",
        "location",
        "_c",
        "$RefreshReg$"
      ],
      "sources": [
        "D:/RSS/react-rss/src/components/Home/InfoWindow.tsx"
      ],
      "file": "D:/RSS/react-rss/src/components/Home/InfoWindow.tsx"
    },
    "_coverageSchema": "1a1c01bbd47fc00a2c39e90264f33305004495a9",
    "hash": "cb5f5d39644cebf1238b4f1c9b0b6827fc794f61"
  },
  "D:/RSS/react-rss/src/components/Home/ResultsCard.tsx": {
    "path": "D:/RSS/react-rss/src/components/Home/ResultsCard.tsx",
    "statementMap": {
      "0": {
        "start": {
          "line": 5,
          "column": 0
        },
        "end": {
          "line": 15,
          "column": 1
        }
      },
      "1": {
        "start": {
          "line": 6,
          "column": 2
        },
        "end": {
          "line": 8,
          "column": 3
        }
      },
      "2": {
        "start": {
          "line": 7,
          "column": 4
        },
        "end": {
          "line": 7,
          "column": 165
        }
      },
      "3": {
        "start": {
          "line": 9,
          "column": 2
        },
        "end": {
          "line": 9,
          "column": 39
        }
      },
      "4": {
        "start": {
          "line": 10,
          "column": 2
        },
        "end": {
          "line": 10,
          "column": 39
        }
      },
      "5": {
        "start": {
          "line": 11,
          "column": 2
        },
        "end": {
          "line": 13,
          "column": 4
        }
      },
      "6": {
        "start": {
          "line": 12,
          "column": 4
        },
        "end": {
          "line": 12,
          "column": 96
        }
      },
      "7": {
        "start": {
          "line": 14,
          "column": 2
        },
        "end": {
          "line": 14,
          "column": 75
        }
      },
      "8": {
        "start": {
          "line": 16,
          "column": 9
        },
        "end": {
          "line": 16,
          "column": 23
        }
      },
      "9": {
        "start": {
          "line": 23,
          "column": 2
        },
        "end": {
          "line": 23,
          "column": 7
        }
      },
      "10": {
        "start": {
          "line": 24,
          "column": 54
        },
        "end": {
          "line": 24,
          "column": 69
        }
      },
      "11": {
        "start": {
          "line": 25,
          "column": 2
        },
        "end": {
          "line": 67,
          "column": 11
        }
      },
      "12": {
        "start": {
          "line": 26,
          "column": 75
        },
        "end": {
          "line": 26,
          "column": 102
        }
      },
      "13": {
        "start": {
          "line": 69,
          "column": 0
        },
        "end": {
          "line": 69,
          "column": 48
        }
      },
      "14": {
        "start": {
          "line": 70,
          "column": 0
        },
        "end": {
          "line": 70,
          "column": 17
        }
      },
      "15": {
        "start": {
          "line": 72,
          "column": 0
        },
        "end": {
          "line": 72,
          "column": 32
        }
      },
      "16": {
        "start": {
          "line": 73,
          "column": 0
        },
        "end": {
          "line": 89,
          "column": 1
        }
      },
      "17": {
        "start": {
          "line": 74,
          "column": 2
        },
        "end": {
          "line": 74,
          "column": 39
        }
      },
      "18": {
        "start": {
          "line": 75,
          "column": 2
        },
        "end": {
          "line": 75,
          "column": 39
        }
      },
      "19": {
        "start": {
          "line": 76,
          "column": 2
        },
        "end": {
          "line": 88,
          "column": 5
        }
      },
      "20": {
        "start": {
          "line": 80,
          "column": 4
        },
        "end": {
          "line": 80,
          "column": 122
        }
      },
      "21": {
        "start": {
          "line": 81,
          "column": 4
        },
        "end": {
          "line": 87,
          "column": 7
        }
      },
      "22": {
        "start": {
          "line": 82,
          "column": 6
        },
        "end": {
          "line": 83,
          "column": 15
        }
      },
      "23": {
        "start": {
          "line": 83,
          "column": 8
        },
        "end": {
          "line": 83,
          "column": 15
        }
      },
      "24": {
        "start": {
          "line": 84,
          "column": 32
        },
        "end": {
          "line": 84,
          "column": 115
        }
      },
      "25": {
        "start": {
          "line": 85,
          "column": 6
        },
        "end": {
          "line": 86,
          "column": 54
        }
      },
      "26": {
        "start": {
          "line": 86,
          "column": 8
        },
        "end": {
          "line": 86,
          "column": 54
        }
      }
    },
    "fnMap": {
      "0": {
        "name": "(anonymous_0)",
        "decl": {
          "start": {
            "line": 11,
            "column": 24
          },
          "end": {
            "line": 11,
            "column": 25
          }
        },
        "loc": {
          "start": {
            "line": 11,
            "column": 38
          },
          "end": {
            "line": 13,
            "column": 3
          }
        },
        "line": 11
      },
      "1": {
        "name": "ResultsCard",
        "decl": {
          "start": {
            "line": 20,
            "column": 24
          },
          "end": {
            "line": 20,
            "column": 35
          }
        },
        "loc": {
          "start": {
            "line": 22,
            "column": 3
          },
          "end": {
            "line": 68,
            "column": 1
          }
        },
        "line": 22
      },
      "2": {
        "name": "(anonymous_2)",
        "decl": {
          "start": {
            "line": 26,
            "column": 69
          },
          "end": {
            "line": 26,
            "column": 70
          }
        },
        "loc": {
          "start": {
            "line": 26,
            "column": 75
          },
          "end": {
            "line": 26,
            "column": 102
          }
        },
        "line": 26
      },
      "3": {
        "name": "(anonymous_3)",
        "decl": {
          "start": {
            "line": 79,
            "column": 9
          },
          "end": {
            "line": 79,
            "column": 10
          }
        },
        "loc": {
          "start": {
            "line": 79,
            "column": 29
          },
          "end": {
            "line": 88,
            "column": 3
          }
        },
        "line": 79
      },
      "4": {
        "name": "(anonymous_4)",
        "decl": {
          "start": {
            "line": 81,
            "column": 27
          },
          "end": {
            "line": 81,
            "column": 28
          }
        },
        "loc": {
          "start": {
            "line": 81,
            "column": 44
          },
          "end": {
            "line": 87,
            "column": 5
          }
        },
        "line": 81
      }
    },
    "branchMap": {
      "0": {
        "loc": {
          "start": {
            "line": 5,
            "column": 0
          },
          "end": {
            "line": 15,
            "column": 1
          }
        },
        "type": "if",
        "locations": [
          {
            "start": {
              "line": 5,
              "column": 0
            },
            "end": {
              "line": 15,
              "column": 1
            }
          },
          {
            "start": {},
            "end": {}
          }
        ],
        "line": 5
      },
      "1": {
        "loc": {
          "start": {
            "line": 6,
            "column": 2
          },
          "end": {
            "line": 8,
            "column": 3
          }
        },
        "type": "if",
        "locations": [
          {
            "start": {
              "line": 6,
              "column": 2
            },
            "end": {
              "line": 8,
              "column": 3
            }
          },
          {
            "start": {},
            "end": {}
          }
        ],
        "line": 6
      },
      "2": {
        "loc": {
          "start": {
            "line": 58,
            "column": 4
          },
          "end": {
            "line": 62,
            "column": 12
          }
        },
        "type": "binary-expr",
        "locations": [
          {
            "start": {
              "line": 58,
              "column": 4
            },
            "end": {
              "line": 58,
              "column": 22
            }
          },
          {
            "start": {
              "line": 58,
              "column": 42
            },
            "end": {
              "line": 62,
              "column": 12
            }
          }
        ],
        "line": 58
      },
      "3": {
        "loc": {
          "start": {
            "line": 73,
            "column": 0
          },
          "end": {
            "line": 89,
            "column": 1
          }
        },
        "type": "if",
        "locations": [
          {
            "start": {
              "line": 73,
              "column": 0
            },
            "end": {
              "line": 89,
              "column": 1
            }
          },
          {
            "start": {},
            "end": {}
          }
        ],
        "line": 73
      },
      "4": {
        "loc": {
          "start": {
            "line": 82,
            "column": 6
          },
          "end": {
            "line": 83,
            "column": 15
          }
        },
        "type": "if",
        "locations": [
          {
            "start": {
              "line": 82,
              "column": 6
            },
            "end": {
              "line": 83,
              "column": 15
            }
          },
          {
            "start": {},
            "end": {}
          }
        ],
        "line": 82
      },
      "5": {
        "loc": {
          "start": {
            "line": 85,
            "column": 6
          },
          "end": {
            "line": 86,
            "column": 54
          }
        },
        "type": "if",
        "locations": [
          {
            "start": {
              "line": 85,
              "column": 6
            },
            "end": {
              "line": 86,
              "column": 54
            }
          },
          {
            "start": {},
            "end": {}
          }
        ],
        "line": 85
      }
    },
    "s": {
      "0": 12,
      "1": 12,
      "2": 0,
      "3": 12,
      "4": 12,
      "5": 12,
      "6": 12,
      "7": 12,
      "8": 12,
      "9": 88,
      "10": 88,
      "11": 88,
      "12": 2,
      "13": 12,
      "14": 12,
      "15": 12,
      "16": 12,
      "17": 12,
      "18": 12,
      "19": 12,
      "20": 10,
      "21": 10,
      "22": 0,
      "23": 0,
      "24": 0,
      "25": 0,
      "26": 0
    },
    "f": {
      "0": 12,
      "1": 88,
      "2": 2,
      "3": 10,
      "4": 0
    },
    "b": {
      "0": [
        12,
        0
      ],
      "1": [
        0,
        12
      ],
      "2": [
        88,
        4
      ],
      "3": [
        12,
        0
      ],
      "4": [
        0,
        0
      ],
      "5": [
        0,
        0
      ]
    },
    "inputSourceMap": {
      "version": 3,
      "mappings": "AAgBY;;;;;;;;;;;;;;;;AAhBZ,SAASA,gBAAgB;AAEzB,OAAOC,YAAY;AACnB,OAAOC,gBAAgB;AAMvB,wBAAwBC,YAAY;AAAA,EAAEC;AAAqB,GAAG;AAAAC;AAC5D,QAAM,CAACC,oBAAoBC,qBAAqB,IAAIP,SAAS,KAAK;AAClE,SACE,uBAAC,SACC;AAAA,2BAAC,SAAI,WAAWC,OAAOO,MAAM,SAAS,MAAMD,sBAAsB,IAAI,GAAG,MAAK,QAC5E,iCAAC,SAAI,WAAWN,OAAOQ,eACrB;AAAA,6BAAC,SAAI,WAAWR,OAAOS,cACrB,iCAAC,SAAI,WAAWT,OAAOU,KAAK,KAAKP,aAAaQ,OAAO,KAAKR,aAAaS,QAAvE;AAAA;AAAA;AAAA;AAAA,aAA4E,KAD9E;AAAA;AAAA;AAAA;AAAA,aAEA;AAAA,MACA,uBAAC,QAAG,WAAWZ,OAAOY,MAAOT,uBAAaS,QAA1C;AAAA;AAAA;AAAA;AAAA,aAA+C;AAAA,MAC/C,uBAAC,OAAE,WAAWZ,OAAOa,QAAQ;AAAA;AAAA,QAASV,aAAaU;AAAAA,WAAnD;AAAA;AAAA;AAAA;AAAA,aAA0D;AAAA,SAL5D;AAAA;AAAA;AAAA;AAAA,WAMA,KAPF;AAAA;AAAA;AAAA;AAAA,WAQA;AAAA,IACCR,sBACC,uBAAC,cAAW,cAA4B,yBAAxC;AAAA;AAAA;AAAA;AAAA,WAAqF;AAAA,OAXzF;AAAA;AAAA;AAAA;AAAA,SAaA;AAEJ;AAACD,GAlBuBF,aAAW;AAAAY,KAAXZ;AAAW;AAAAa",
      "names": [
        "useState",
        "styles",
        "InfoWindow",
        "ResultsCard",
        "searchResult",
        "_s",
        "isInfoWindowActive",
        "setIsInfoWindowActive",
        "card",
        "card__content",
        "img__wrapper",
        "img",
        "image",
        "name",
        "status",
[...]
            "column": 27
          },
          "end": {
            "line": 138,
            "column": 28
          }
        },
        "loc": {
          "start": {
            "line": 138,
            "column": 44
          },
          "end": {
            "line": 144,
            "column": 5
          }
        },
        "line": 138
      }
    },
    "branchMap": {
      "0": {
        "loc": {
          "start": {
            "line": 5,
            "column": 0
          },
          "end": {
            "line": 15,
            "column": 1
          }
        },
        "type": "if",
        "locations": [
          {
            "start": {
              "line": 5,
              "column": 0
            },
            "end": {
              "line": 15,
              "column": 1
            }
          },
          {
            "start": {},
            "end": {}
          }
        ],
        "line": 5
      },
      "1": {
        "loc": {
          "start": {
            "line": 6,
            "column": 2
          },
          "end": {
            "line": 8,
            "column": 3
          }
        },
        "type": "if",
        "locations": [
          {
            "start": {
              "line": 6,
              "column": 2
            },
            "end": {
              "line": 8,
              "column": 3
            }
          },
          {
            "start": {},
            "end": {}
          }
        ],
        "line": 6
      },
      "2": {
        "loc": {
          "start": {
            "line": 50,
            "column": 12
          },
          "end": {
            "line": 50,
            "column": 70
          }
        },
        "type": "cond-expr",
        "locations": [
          {
            "start": {
              "line": 50,
              "column": 27
            },
            "end": {
              "line": 50,
              "column": 60
            }
          },
          {
            "start": {
              "line": 50,
              "column": 63
            },
            "end": {
              "line": 50,
              "column": 70
            }
          }
        ],
        "line": 50
      },
      "3": {
        "loc": {
          "start": {
            "line": 130,
            "column": 0
          },
          "end": {
            "line": 146,
            "column": 1
          }
        },
        "type": "if",
        "locations": [
          {
            "start": {
              "line": 130,
              "column": 0
            },
            "end": {
              "line": 146,
              "column": 1
            }
          },
          {
            "start": {},
            "end": {}
          }
        ],
        "line": 130
      },
      "4": {
        "loc": {
          "start": {
            "line": 139,
            "column": 6
          },
          "end": {
            "line": 140,
            "column": 15
          }
        },
        "type": "if",
        "locations": [
          {
            "start": {
              "line": 139,
              "column": 6
            },
            "end": {
              "line": 140,
              "column": 15
            }
          },
          {
            "start": {},
            "end": {}
          }
        ],
        "line": 139
      },
      "5": {
        "loc": {
          "start": {
            "line": 142,
            "column": 6
          },
          "end": {
            "line": 143,
            "column": 54
          }
        },
        "type": "if",
        "locations": [
          {
            "start": {
              "line": 142,
              "column": 6
            },
            "end": {
              "line": 143,
              "column": 54
            }
          },
          {
            "start": {},
            "end": {}
          }
        ],
        "line": 142
      }
    },
    "s": {
      "0": 12,
      "1": 12,
      "2": 0,
      "3": 12,
      "4": 12,
      "5": 12,
      "6": 12,
      "7": 12,
      "8": 12,
      "9": 20,
      "10": 20,
      "11": 20,
      "12": 27,
      "13": 20,
      "14": 20,
      "15": 2,
      "16": 2,
      "17": 2,
      "18": 2,
      "19": 20,
      "20": 12,
      "21": 4,
      "22": 12,
      "23": 12,
      "24": 12,
      "25": 12,
      "26": 12,
      "27": 12,
      "28": 10,
      "29": 10,
      "30": 0,
      "31": 0,
      "32": 0,
      "33": 0,
      "34": 0
    },
    "f": {
      "0": 12,
      "1": 20,
      "2": 27,
      "3": 2,
      "4": 4,
      "5": 10,
      "6": 0
    },
    "b": {
      "0": [
        12,
        0
      ],
      "1": [
        0,
        12
      ],
      "2": [
        0,
        2
      ],
      "3": [
        12,
        0
      ],
      "4": [
        0,
        0
      ],
      "5": [
        0,
        0
      ]
    },
    "inputSourceMap": {
      "version": 3,
      "mappings": "AA2CM;;;;;;;;;;;;;;;;AA3CN,SAASA,eAAe;AAExB,OAAOC,eAAe;AACtB,OAAOC,gBAAgB;AACvB,OAAOC,eAAe;AACtB,OAAOC,gBAAgB;AACvB,OAAOC,iBAAiB;AACxB,OAAOC,mBAAmB;AAC1B,OAAO;AACP,OAAOC,aAAa;AACpB,SAASC,gBAAgBC,sBAAsB;AAC/C,SAASC,eAAe;AAExB,wBAAwBC,QAAQ;AAAAC;AAC9B,QAAM;AAAA,IACJC;AAAAA,IACAC;AAAAA,IACAC;AAAAA,IACAC,WAAW;AAAA,MAAEC;AAAAA,IAAO;AAAA,EACtB,IAAIjB,QAAQ;AAAA,IACVkB,gBAAgB;AAAA,EAClB,CAAC;AAED,QAAMC,YAAYV,eAAgBW,WAAUA,MAAMD,UAAUE,IAAI;AAChE,QAAMC,WAAWd,eAAc;AAE/B,QAAMe,WAAWT,aAAcU,UAAS;AACtC,UAAMC,cAAyB;AAAA,MAC7BC,IAAIP,UAAUQ,SAAS;AAAA,MACvBC,MAAMJ,KAAKI;AAAAA,MACXC,QAAQL,KAAKK;AAAAA,MACbC,MAAMN,KAAKM;AAAAA,MACXC,SAASP,KAAKO;AAAAA,MACdC,UAAUR,KAAKQ;AAAAA,MACfC,MAAMT,KAAKS,KAAK,CAAC,IAAIC,IAAIC,gBAAgBX,KAAKS,KAAK,CAAC,CAAS,IAAI1B;AAAAA,IACnE;AACAe,aAASZ,QAAQe,WAAW,CAAC;AAC7BW,UAAM,qBAAqB;AAC3BrB,UAAK;AAAA,EACP,CAAC;AAED,SACE,uBAAC,UACC;AAAA,2BAAC,QAAG,0BAAJ;AAAA;AAAA;AAAA;AAAA,WAAc;AAAA,IACd,uBAAC,UAAD;AAAA;AAAA;AAAA;AAAA,WAAG;AAAA,IACH,uBAAC,UAAK,UACJ;AAAA,6BAAC,cAAW,MAAK,QAAO,OAAM,QAAO,QAAgB,YAArD;AAAA;AAAA;AAAA;AAAA,aAAwE;AAAA,MACxE,uBAAC,cACC,OAAM,UACN,SAAS,CAAC,QAAQ,QAAQ,GAC1B,QACA,YAJF;AAAA;AAAA;AAAA;AAAA,aAIqB;AAAA,MAErB,uBAAC,cAAW,MAAK,QAAO,OAAM,QAAO,QAAgB,YAArD;AAAA;AAAA;AAAA;AAAA,aAAwE;AAAA,MACxE,uBAAC,eACC,OAAM,WACN,SAAS,CAAC,UAAU,WAAW,WAAW,GAC1C,QACA,YAJF;AAAA;AAAA;AAAA;AAAA,aAIqB;AAAA,MAErB,uBAAC,iBAAc,OAAM,YAAW,QAAgB,YAAhD;AAAA;AAAA;AAAA;AAAA,aAAmE;AAAA,MACnE,uBAAC,aAAU,OAAM,QAAO,YAAxB;AAAA;AAAA;AAAA;AAAA,aAA2C;AAAA,MAC3C,uBAAC,OAAE,WAAU,gBAAe,gCAA5B;AAAA;AAAA;AAAA;AAAA,aAA4C;AAAA,MAC5C,uBAAC,YAAO,WAAU,kBAAiB,sBAAnC;AAAA;AAAA;AAAA;AAAA,aAAyC;AAAA,SAlB3C;AAAA;AAAA;AAAA;AAAA,WAmBA;AAAA,IACA,uBAAC,aAAU,aAAX;AAAA;AAAA;AAAA;AAAA,WAAgC;AAAA,OAvBlC;AAAA;AAAA;AAAA;AAAA,SAwBA;AAEJ;AAACH,GAvDuBD,OAAK;AAAA,UAMvBX,SAIcS,gBACDD,cAAc;AAAA;AAAA6B,KAXT1B;AAAK;AAAA2B",
      "names": [
        "useForm",
        "CardsList",
        "InputField",
        "InputFile",
        "InputRadio",
        "InputSelect",
        "InputCheckbox",
        "boggart",
        "useAppDispatch",
        "useAppSelector",
        "addCard",
        "Forms",
        "_s",
        "register",
        "handleSubmit",
        "reset",
        "formState",
        "errors",
        "reValidateMode",
        "cardsList",
        "state",
        "list",
        "dispatch",
        "onSubmit",
        "data",
        "newCardData",
        "id",
        "length",
        "name",
        "gender",
        "date",
        "country",
        "checkbox",
        "file",
        "URL",
        "createObjectURL",
        "alert",
        "_c",
        "$RefreshReg$"
      ],
      "sources": [
        "D:/RSS/react-rss/src/pages/Forms.tsx"
      ],
      "file": "D:/RSS/react-rss/src/pages/Forms.tsx"
    },
    "_coverageSchema": "1a1c01bbd47fc00a2c39e90264f33305004495a9",
    "hash": "b22f49039d12b8432684eb8c9bc8f112b81c7685"
  },
  "D:/RSS/react-rss/src/App.tsx": {
    "path": "D:/RSS/react-rss/src/App.tsx",
    "statementMap": {
      "0": {
        "start": {
          "line": 5,
          "column": 0
        },
        "end": {
          "line": 15,
          "column": 1
        }
      },
      "1": {
        "start": {
          "line": 6,
          "column": 2
        },
        "end": {
          "line": 8,
          "column": 3
        }
      },
      "2": {
        "start": {
          "line": 7,
          "column": 4
        },
        "end": {
          "line": 7,
          "column": 165
        }
      },
      "3": {
        "start": {
          "line": 9,
          "column": 2
        },
        "end": {
          "line": 9,
          "column": 39
        }
      },
      "4": {
        "start": {
          "line": 10,
          "column": 2
        },
        "end": {
          "line": 10,
          "column": 39
        }
      },
      "5": {
        "start": {
          "line": 11,
          "column": 2
        },
        "end": {
          "line": 13,
          "column": 4
        }
      },
      "6": {
        "start": {
          "line": 12,
          "column": 4
        },
        "end": {
          "line": 12,
          "column": 72
        }
      },
      "7": {
        "start": {
          "line": 14,
          "column": 2
        },
        "end": {
          "line": 14,
          "column": 75
        }
      },
      "8": {
        "start": {
          "line": 24,
          "column": 2
        },
        "end": {
          "line": 82,
          "column": 11
        }
      },
      "9": {
        "start": {
          "line": 84,
          "column": 0
        },
        "end": {
          "line": 84,
          "column": 9
        }
      },
      "10": {
        "start": {
          "line": 86,
          "column": 0
        },
        "end": {
          "line": 86,
          "column": 24
        }
      },
      "11": {
        "start": {
          "line": 87,
          "column": 0
        },
        "end": {
          "line": 103,
          "column": 1
        }
      },
      "12": {
        "start": {
          "line": 88,
          "column": 2
        },
        "end": {
          "line": 88,
          "column": 39
        }
      },
      "13": {
        "start": {
          "line": 89,
          "column": 2
        },
        "end": {
          "line": 89,
          "column": 39
        }
      },
      "14": {
        "start": {
          "line": 90,
          "column": 2
        },
        "end": {
          "line": 102,
          "column": 5
        }
      },
      "15": {
        "start": {
          "line": 94,
          "column": 4
        },
        "end": {
          "line": 94,
          "column": 98
        }
      },
      "16": {
        "start": {
          "line": 95,
          "column": 4
        },
        "end": {
          "line": 101,
          "column": 7
        }
      },
      "17": {
        "start": {
          "line": 96,
          "column": 6
        },
        "end": {
          "line": 97,
          "column": 15
        }
      },
      "18": {
        "start": {
          "line": 97,
          "column": 8
        },
        "end": {
          "line": 97,
          "column": 15
        }
      },
      "19": {
        "start": {
          "line": 98,
          "column": 32
        },
        "end": {
          "line": 98,
          "column": 115
        }
      },
      "20": {
        "start": {
          "line": 99,
          "column": 6
        },
        "end": {
          "line": 100,
          "column": 54
        }
      },
      "21": {
        "start": {
          "line": 100,
          "column": 8
        },
        "end": {
          "line": 100,
          "column": 54
        }
      }
    },
    "fnMap": {
      "0": {
        "name": "(anonymous_0)",
        "decl": {
          "start": {
            "line": 11,
            "column": 24
          },
          "end": {
            "line": 11,
            "column": 25
          }
        },
        "loc": {
          "start": {
            "line": 11,
            "column": 38
          },
          "end": {
            "line": 13,
            "column": 3
          }
        },
        "line": 11
      },
      "1": {
        "name": "App",
        "decl": {
          "start": {
            "line": 23,
            "column": 24
          },
          "end": {
            "line": 23,
            "column": 27
          }
        },
        "loc": {
          "start": {
            "line": 23,
            "column": 30
          },
          "end": {
            "line": 83,
            "column": 1
          }
        },
        "line": 23
      },
      "2": {
        "name": "(anonymous_2)",
        "decl": {
          "start": {
            "line": 93,
            "column": 9
          },
          "end": {
            "line": 93,
            "column": 10
          }
        },
        "loc": {
          "start": {
            "line": 93,
            "column": 29
          },
          "end": {
            "line": 102,
            "column": 3
          }
        },
        "line": 93
      },
      "3": {
        "name": "(anonymous_3)",
        "decl": {
          "start": {
            "line": 95,
            "column": 27
          },
          "end": {
            "line": 95,
            "column": 28
          }
        },
        "loc": {
          "start": {
            "line": 95,
            "column": 44
          },
          "end": {
            "line": 101,
            "column": 5
          }
        },
        "line": 95
      }
    },
    "branchMap": {
      "0": {
        "loc": {
          "start": {
            "line": 5,
            "column": 0
          },
          "end": {
            "line": 15,
            "column": 1
          }
        },
        "type": "if",
        "locations": [
          {
            "start": {
              "line": 5,
              "column": 0
            },
            "end": {
              "line": 15,
              "column": 1
            }
          },
          {
            "start": {},
            "end": {}
          }
        ],
        "line": 5
      },
      "1": {
        "loc": {
          "start": {
            "line": 6,
            "column": 2
          },
          "end": {
            "line": 8,
            "column": 3
          }
        },
        "type": "if",
        "locations": [
          {
            "start": {
              "line": 6,
              "column": 2
            },
            "end": {
              "line": 8,
              "column": 3
            }
          },
          {
            "start": {},
            "end": {}
          }
        ],
        "line": 6
      },
      "2": {
        "loc": {
          "start": {
            "line": 87,
            "column": 0
          },
          "end": {
            "line": 103,
            "column": 1
          }
        },
        "type": "if",
        "locations": [
          {
            "start": {
              "line": 87,
              "column": 0
            },
            "end": {
              "line": 103,
              "column": 1
            }
          },
          {
            "start": {},
            "end": {}
          }
        ],
        "line": 87
      },
      "3": {
        "loc": {
          "start": {
            "line": 96,
            "column": 6
          },
          "end": {
            "line": 97,
            "column": 15
          }
        },
        "type": "if",
        "locations": [
          {
            "start": {
              "line": 96,
              "column": 6
            },
            "end": {
              "line": 97,
              "column": 15
            }
          },
          {
            "start": {},
            "end": {}
          }
        ],
        "line": 96
      },
      "4": {
        "loc": {
          "start": {
            "line": 99,
            "column": 6
          },
          "end": {
            "line": 100,
            "column": 54
          }
        },
        "type": "if",
        "locations": [
          {
            "start": {
              "line": 99,
              "column": 6
            },
            "end": {
              "line": 100,
              "column": 54
            }
          },
          {
            "start": {},
            "end": {}
          }
        ],
        "line": 99
      }
    },
    "s": {
      "0": 12,
      "1": 12,
      "2": 0,
      "3": 12,
      "4": 12,
      "5": 12,
      "6": 12,
      "7": 12,
      "8": 24,
      "9": 12,
      "10": 12,
      "11": 12,
      "12": 12,
      "13": 12,
      "14": 12,
      "15": 10,
      "16": 10,
      "17": 0,
      "18": 0,
      "19": 0,
      "20": 0,
      "21": 0
    },
    "f": {
      "0": 12,
      "1": 24,
      "2": 10,
      "3": 0
    },
    "b": {
      "0": [
        12,
        0
      ],
      "1": [
        0,
        12
      ],
      "2": [
        12,
        0
      ],
      "3": [
        0,
        0
      ],
      "4": [
        0,
        0
      ]
    },
    "inputSourceMap": {
      "version": 3,
      "mappings": "AAW+B;AAX/B,2BAA0BA;AAAc;AAAkB;AAAA;AAAA;AAAA;AAAA;AAAA;AAAA;AAAA;AAAA;AAAA;AAAA;AAAA;AAAA;AAC1D,OAAOC,YAAY;AACnB,OAAOC,WAAW;AAClB,OAAOC,UAAU;AACjB,OAAOC,cAAc;AACrB,OAAO;AACP,OAAOC,WAAW;AAElB,wBAAwBC,MAAM;AAC5B,SACE,uBAAC,UACC,iCAAC,SAAM,MAAK,KAAI,SAAS,uBAAC,YAAD;AAAA;AAAA;AAAA;AAAA,SAAO,GAC9B;AAAA,2BAAC,SAAM,OAAK,MAAC,SAAS,uBAAC,UAAD;AAAA;AAAA;AAAA;AAAA,WAAK,KAA3B;AAAA;AAAA;AAAA;AAAA,WAA+B;AAAA,IAC/B,uBAAC,SAAM,MAAK,UAAS,SAAS,uBAAC,WAAD;AAAA;AAAA;AAAA;AAAA,WAAM,KAApC;AAAA;AAAA;AAAA;AAAA,WAAwC;AAAA,IACxC,uBAAC,SAAM,MAAK,UAAS,SAAS,uBAAC,WAAD;AAAA;AAAA;AAAA;AAAA,WAAM,KAApC;AAAA;AAAA;AAAA;AAAA,WAAwC;AAAA,IACxC,uBAAC,SAAM,MAAK,QAAO,SAAS,uBAAC,cAAD;AAAA;AAAA;AAAA;AAAA,WAAS,KAArC;AAAA;AAAA;AAAA;AAAA,WAAyC;AAAA,IACzC,uBAAC,SAAM,MAAK,KAAI,SAAS,uBAAC,YAAS,SAAO,MAAC,IAAG,UAArB;AAAA;AAAA;AAAA;AAAA,WAA2B,KAApD;AAAA;AAAA;AAAA;AAAA,WAAwD;AAAA,OAL1D;AAAA;AAAA;AAAA;AAAA,SAMA,KAPF;AAAA;AAAA;AAAA;AAAA,SAQA;AAEJ;AAACC,KAZuBD;AAAG;AAAAE",
      "names": [
        "Routes",
        "Layout",
        "About",
        "Home",
        "NotFound",
        "Forms",
        "App",
        "_c",
        "$RefreshReg$"
      ],
      "sources": [
        "D:/RSS/react-rss/src/App.tsx"
      ],
      "file": "D:/RSS/react-rss/src/App.tsx"
    },
    "_coverageSchema": "1a1c01bbd47fc00a2c39e90264f33305004495a9",
    "hash": "a0c02d999f900e11315820b17eb55afc788e78fd"
  },
  "D:/RSS/react-rss/src/entry-client.tsx": {
    "path": "D:/RSS/react-rss/src/entry-client.tsx",
    "statementMap": {
      "0": {
        "start": {
          "line": 8,
          "column": 0
        },
        "end": {
          "line": 24,
          "column": 10
        }
      },
      "1": {
        "start": {
          "line": 25,
          "column": 0
        },
        "end": {
          "line": 25,
          "column": 24
        }
      }
    },
    "fnMap": {},
    "branchMap": {},
    "s": {
      "0": 12,
      "1": 12
    },
    "f": {},
    "b": {},
    "inputSourceMap": {
      "version": 3,
      "mappings": "AAYQ;AAZR,OAAOA,cAAc;AACrB,SAASC,qBAAqB;AAC9B,OAAOC,SAAS;AAChB,SAASC,gBAAgB;AACzB,SAASC,aAAa;AACtB,OAAOC,WAAW;AAElBL,SAASM,YACPC,SAASC,eAAe,KAAK,GAC7B,uBAAC,MAAM,YAAN,EACC,iCAAC,iBACC,iCAAC,YAAS,OACR,iCAAC,SAAD;AAAA;AAAA;AAAA;AAAA,OAAI,KADN;AAAA;AAAA;AAAA;AAAA,OAEA,KAHF;AAAA;AAAA;AAAA;AAAA,OAIA,KALF;AAAA;AAAA;AAAA;AAAA,OAMA,CAAmB;AAErBC,QAAQC,IAAI,UAAU",
      "names": [
        "ReactDOM",
        "BrowserRouter",
        "App",
        "Provider",
        "store",
        "React",
        "hydrateRoot",
        "document",
        "getElementById",
        "console",
        "log"
      ],
      "sources": [
        "D:/RSS/react-rss/src/entry-client.tsx"
      ],
      "file": "D:/RSS/react-rss/src/entry-client.tsx"
    },
    "_coverageSchema": "1a1c01bbd47fc00a2c39e90264f33305004495a9",
    "hash": "5fa8e8802d21c08cc8b287882c02bcb8f7589b05"
  },
  "D:/RSS/react-rss/src/main.tsx": {
    "path": "D:/RSS/react-rss/src/main.tsx",
    "statementMap": {},
    "fnMap": {},
    "branchMap": {},
    "s": {},
    "f": {},
    "b": {}
  }
}
